<?xml version="1.0" encoding="UTF-8"?>
<coverage generated="1666229322744" clover="3.2.0">
  <project timestamp="1666229322744" name="All files">
    <metrics statements="149" coveredstatements="125" conditionals="66" coveredconditionals="53" methods="75" coveredmethods="62" elements="290" coveredelements="240" complexity="0" loc="149" ncloc="149" packages="3" files="12" classes="12"/>
    <package name="src">
      <metrics statements="3" coveredstatements="2" conditionals="4" coveredconditionals="2" methods="2" coveredmethods="1"/>
      <file name="App.tsx" path="/home/justin/quizzer_start/src/App.tsx">
        <metrics statements="3" coveredstatements="2" conditionals="4" coveredconditionals="2" methods="2" coveredmethods="1"/>
        <line num="7" count="1" type="stmt"/>
        <line num="9" count="1" type="stmt"/>
        <line num="15" count="0" type="stmt"/>
      </file>
    </package>
    <package name="src.interfaces">
      <metrics statements="0" coveredstatements="0" conditionals="0" coveredconditionals="0" methods="0" coveredmethods="0"/>
      <file name="question.ts" path="/home/justin/quizzer_start/src/interfaces/question.ts">
        <metrics statements="0" coveredstatements="0" conditionals="0" coveredconditionals="0" methods="0" coveredmethods="0"/>
      </file>
      <file name="quiz.ts" path="/home/justin/quizzer_start/src/interfaces/quiz.ts">
        <metrics statements="0" coveredstatements="0" conditionals="0" coveredconditionals="0" methods="0" coveredmethods="0"/>
      </file>
    </package>
    <package name="src.quizzer">
      <metrics statements="146" coveredstatements="123" conditionals="62" coveredconditionals="51" methods="73" coveredmethods="61"/>
      <file name="AddQuizModal.tsx" path="/home/justin/quizzer_start/src/quizzer/AddQuizModal.tsx">
        <metrics statements="14" coveredstatements="9" conditionals="0" coveredconditionals="0" methods="5" coveredmethods="2"/>
        <line num="4" count="2" type="stmt"/>
        <line num="13" count="35" type="stmt"/>
        <line num="14" count="35" type="stmt"/>
        <line num="16" count="35" type="stmt"/>
        <line num="17" count="1" type="stmt"/>
        <line num="18" count="1" type="stmt"/>
        <line num="19" count="1" type="stmt"/>
        <line num="20" count="1" type="stmt"/>
        <line num="23" count="35" type="stmt"/>
        <line num="36" count="0" type="stmt"/>
        <line num="45" count="0" type="stmt"/>
        <line num="53" count="0" type="stmt"/>
        <line num="54" count="0" type="stmt"/>
        <line num="55" count="0" type="stmt"/>
      </file>
      <file name="QuestionEdit.tsx" path="/home/justin/quizzer_start/src/quizzer/QuestionEdit.tsx">
        <metrics statements="39" coveredstatements="22" conditionals="20" coveredconditionals="13" methods="17" coveredmethods="9"/>
        <line num="7" count="2" type="stmt"/>
        <line num="22" count="131" type="stmt"/>
        <line num="23" count="129" type="stmt"/>
        <line num="26" count="131" type="stmt"/>
        <line num="27" count="0" type="stmt"/>
        <line num="29" count="0" type="cond" truecount="0" falsecount="2"/>
        <line num="30" count="0" type="stmt"/>
        <line num="38" count="131" type="stmt"/>
        <line num="39" count="1" type="stmt"/>
        <line num="40" count="1" type="stmt"/>
        <line num="47" count="131" type="stmt"/>
        <line num="48" count="0" type="stmt"/>
        <line num="49" count="0" type="stmt"/>
        <line num="56" count="131" type="stmt"/>
        <line num="57" count="1" type="stmt"/>
        <line num="58" count="1" type="cond" truecount="1" falsecount="1"/>
        <line num="62" count="0" type="stmt"/>
        <line num="63" count="1" type="cond" truecount="1" falsecount="1"/>
        <line num="67" count="1" type="stmt"/>
        <line num="71" count="131" type="stmt"/>
        <line num="72" count="0" type="stmt"/>
        <line num="73" count="0" type="stmt"/>
        <line num="76" count="131" type="stmt"/>
        <line num="80" count="0" type="stmt"/>
        <line num="81" count="0" type="stmt"/>
        <line num="82" count="0" type="stmt"/>
        <line num="89" count="131" type="stmt"/>
        <line num="90" count="0" type="stmt"/>
        <line num="91" count="0" type="stmt"/>
        <line num="92" count="0" type="stmt"/>
        <line num="98" count="131" type="stmt"/>
        <line num="115" count="7" type="stmt"/>
        <line num="188" count="0" type="stmt"/>
        <line num="201" count="195" type="stmt"/>
        <line num="222" count="0" type="stmt"/>
        <line num="240" count="2" type="stmt"/>
        <line num="249" count="0" type="stmt"/>
        <line num="265" count="1" type="stmt"/>
        <line num="274" count="1" type="stmt"/>
      </file>
      <file name="QuizCard.tsx" path="/home/justin/quizzer_start/src/quizzer/QuizCard.tsx">
        <metrics statements="5" coveredstatements="5" conditionals="5" coveredconditionals="4" methods="3" coveredmethods="3"/>
        <line num="7" count="2" type="stmt"/>
        <line num="14" count="90" type="stmt"/>
        <line num="16" count="356" type="cond" truecount="3" falsecount="0"/>
        <line num="19" count="90" type="stmt"/>
        <line num="25" count="12" type="stmt"/>
      </file>
      <file name="QuizEdit.tsx" path="/home/justin/quizzer_start/src/quizzer/QuizEdit.tsx">
        <metrics statements="25" coveredstatements="24" conditionals="6" coveredconditionals="6" methods="15" coveredmethods="14"/>
        <line num="9" count="2" type="stmt"/>
        <line num="22" count="33" type="stmt"/>
        <line num="24" count="33" type="stmt"/>
        <line num="25" count="9" type="stmt"/>
        <line num="29" count="36" type="cond" truecount="2" falsecount="0"/>
        <line num="34" count="33" type="stmt"/>
        <line num="35" count="1" type="stmt"/>
        <line num="38" count="4" type="stmt"/>
        <line num="43" count="33" type="stmt"/>
        <line num="44" count="6" type="stmt"/>
        <line num="47" count="33" type="stmt"/>
        <line num="48" count="2" type="stmt"/>
        <line num="52" count="8" type="cond" truecount="2" falsecount="0"/>
        <line num="53" count="6" type="cond" truecount="2" falsecount="0"/>
        <line num="54" count="4" type="stmt"/>
        <line num="60" count="33" type="stmt"/>
        <line num="73" count="10" type="stmt"/>
        <line num="90" count="2" type="stmt"/>
        <line num="103" count="0" type="stmt"/>
        <line num="111" count="131" type="stmt"/>
        <line num="127" count="1" type="stmt"/>
        <line num="153" count="6" type="stmt"/>
        <line num="154" count="6" type="stmt"/>
        <line num="166" count="1" type="stmt"/>
        <line num="167" count="1" type="stmt"/>
      </file>
      <file name="QuizExpanded.tsx" path="/home/justin/quizzer_start/src/quizzer/QuizExpanded.tsx">
        <metrics statements="25" coveredstatements="25" conditionals="7" coveredconditionals="6" methods="12" coveredmethods="12"/>
        <line num="9" count="2" type="stmt"/>
        <line num="20" count="23" type="stmt"/>
        <line num="22" count="93" type="cond" truecount="3" falsecount="0"/>
        <line num="25" count="23" type="stmt"/>
        <line num="26" count="23" type="stmt"/>
        <line num="30" count="23" type="stmt"/>
        <line num="31" count="2" type="stmt"/>
        <line num="32" count="2" type="stmt"/>
        <line num="33" count="2" type="stmt"/>
        <line num="36" count="23" type="stmt"/>
        <line num="37" count="52" type="stmt"/>
        <line num="41" count="23" type="stmt"/>
        <line num="42" count="2" type="stmt"/>
        <line num="45" count="23" type="stmt"/>
        <line num="46" count="9" type="stmt"/>
        <line num="47" count="9" type="stmt"/>
        <line num="50" count="36" type="stmt"/>
        <line num="54" count="9" type="stmt"/>
        <line num="57" count="23" type="stmt"/>
        <line num="58" count="2" type="stmt"/>
        <line num="62" count="8" type="cond" truecount="2" falsecount="0"/>
        <line num="69" count="23" type="stmt"/>
        <line num="84" count="8" type="stmt"/>
        <line num="85" count="8" type="stmt"/>
        <line num="101" count="52" type="stmt"/>
      </file>
      <file name="QuizList.tsx" path="/home/justin/quizzer_start/src/quizzer/QuizList.tsx">
        <metrics statements="10" coveredstatements="10" conditionals="4" coveredconditionals="4" methods="5" coveredmethods="5"/>
        <line num="8" count="2" type="stmt"/>
        <line num="19" count="47" type="stmt"/>
        <line num="21" count="47" type="stmt"/>
        <line num="22" count="12" type="stmt"/>
        <line num="25" count="47" type="stmt"/>
        <line num="26" count="1" type="stmt"/>
        <line num="29" count="47" type="stmt"/>
        <line num="34" count="90" type="stmt"/>
        <line num="46" count="235" type="cond" truecount="2" falsecount="0"/>
        <line num="47" count="29" type="stmt"/>
      </file>
      <file name="QuizQuestion.tsx" path="/home/justin/quizzer_start/src/quizzer/QuizQuestion.tsx">
        <metrics statements="10" coveredstatements="10" conditionals="14" coveredconditionals="12" methods="4" coveredmethods="4"/>
        <line num="8" count="2" type="stmt"/>
        <line num="23" count="52" type="stmt"/>
        <line num="24" count="2" type="cond" truecount="1" falsecount="1"/>
        <line num="25" count="2" type="stmt"/>
        <line num="29" count="52" type="stmt"/>
        <line num="30" count="2" type="stmt"/>
        <line num="31" count="2" type="cond" truecount="1" falsecount="1"/>
        <line num="32" count="2" type="stmt"/>
        <line num="36" count="52" type="stmt"/>
        <line num="62" count="81" type="stmt"/>
      </file>
      <file name="QuizView.tsx" path="/home/justin/quizzer_start/src/quizzer/QuizView.tsx">
        <metrics statements="5" coveredstatements="5" conditionals="4" coveredconditionals="4" methods="2" coveredmethods="2"/>
        <line num="8" count="2" type="stmt"/>
        <line num="19" count="29" type="stmt"/>
        <line num="21" count="29" type="stmt"/>
        <line num="22" count="14" type="stmt"/>
        <line num="25" count="29" type="stmt"/>
      </file>
      <file name="Quizzer.tsx" path="/home/justin/quizzer_start/src/quizzer/Quizzer.tsx">
        <metrics statements="13" coveredstatements="13" conditionals="2" coveredconditionals="2" methods="10" coveredmethods="10"/>
        <line num="10" count="2" type="stmt"/>
        <line num="11" count="10" type="stmt"/>
        <line num="14" count="40" type="stmt"/>
        <line num="23" count="2" type="stmt"/>
        <line num="24" count="35" type="stmt"/>
        <line num="25" count="35" type="stmt"/>
        <line num="28" count="17" type="stmt"/>
        <line num="29" count="85" type="cond" truecount="2" falsecount="0"/>
        <line num="34" count="1" type="stmt"/>
        <line num="47" count="5" type="stmt"/>
        <line num="50" count="35" type="stmt"/>
        <line num="51" count="35" type="stmt"/>
        <line num="53" count="35" type="stmt"/>
      </file>
    </package>
  </project>
</coverage>
