TN:
SF:src/App.tsx
FN:6,App
FN:14,(anonymous_1)
FNF:2
FNH:1
FNDA:1,App
FNDA:0,(anonymous_1)
DA:7,1
DA:9,1
DA:15,0
LF:3
LH:2
BRDA:18,0,0,1
BRDA:18,0,1,0
BRDA:21,1,0,1
BRDA:21,1,1,0
BRF:4
BRH:2
end_of_record
TN:
SF:src/interfaces/question.ts
FNF:0
FNH:0
LF:0
LH:0
BRF:0
BRH:0
end_of_record
TN:
SF:src/interfaces/quiz.ts
FNF:0
FNH:0
LF:0
LH:0
BRF:0
BRH:0
end_of_record
TN:
SF:src/quizzer/AddQuizModal.tsx
FN:4,(anonymous_0)
FN:16,(anonymous_1)
FN:34,(anonymous_2)
FN:43,(anonymous_3)
FN:52,(anonymous_4)
FNF:5
FNH:2
FNDA:35,(anonymous_0)
FNDA:1,(anonymous_1)
FNDA:0,(anonymous_2)
FNDA:0,(anonymous_3)
FNDA:0,(anonymous_4)
DA:4,2
DA:13,35
DA:14,35
DA:16,35
DA:17,1
DA:18,1
DA:19,1
DA:20,1
DA:23,35
DA:36,0
DA:45,0
DA:53,0
DA:54,0
DA:55,0
LF:14
LH:9
BRF:0
BRH:0
end_of_record
TN:
SF:src/quizzer/QuestionEdit.tsx
FN:7,(anonymous_0)
FN:23,(anonymous_1)
FN:26,(anonymous_2)
FN:38,(anonymous_3)
FN:47,(anonymous_4)
FN:56,(anonymous_5)
FN:71,(anonymous_6)
FN:76,(anonymous_7)
FN:89,(anonymous_8)
FN:112,(anonymous_9)
FN:185,(anonymous_10)
FN:200,(anonymous_11)
FN:219,(anonymous_12)
FN:239,(anonymous_13)
FN:248,(anonymous_14)
FN:264,(anonymous_15)
FN:273,(anonymous_16)
FNF:17
FNH:9
FNDA:131,(anonymous_0)
FNDA:129,(anonymous_1)
FNDA:0,(anonymous_2)
FNDA:1,(anonymous_3)
FNDA:0,(anonymous_4)
FNDA:1,(anonymous_5)
FNDA:0,(anonymous_6)
FNDA:0,(anonymous_7)
FNDA:0,(anonymous_8)
FNDA:7,(anonymous_9)
FNDA:0,(anonymous_10)
FNDA:195,(anonymous_11)
FNDA:0,(anonymous_12)
FNDA:2,(anonymous_13)
FNDA:0,(anonymous_14)
FNDA:1,(anonymous_15)
FNDA:1,(anonymous_16)
DA:7,2
DA:22,131
DA:23,129
DA:26,131
DA:27,0
DA:29,0
DA:30,0
DA:38,131
DA:39,1
DA:40,1
DA:47,131
DA:48,0
DA:49,0
DA:56,131
DA:57,1
DA:58,1
DA:62,0
DA:63,1
DA:67,1
DA:71,131
DA:72,0
DA:73,0
DA:76,131
DA:80,0
DA:81,0
DA:82,0
DA:89,131
DA:90,0
DA:91,0
DA:92,0
DA:98,131
DA:115,7
DA:188,0
DA:201,195
DA:222,0
DA:240,2
DA:249,0
DA:265,1
DA:274,1
LF:39
LH:22
BRDA:29,0,0,0
BRDA:29,0,1,0
BRDA:58,1,0,0
BRDA:58,1,1,1
BRDA:59,2,0,1
BRDA:59,2,1,0
BRDA:63,3,0,1
BRDA:63,3,1,0
BRDA:64,4,0,1
BRDA:64,4,1,1
BRDA:85,5,0,0
BRDA:85,5,1,0
BRDA:134,6,0,32
BRDA:134,6,1,99
BRDA:165,7,0,131
BRDA:165,7,1,65
BRDA:180,8,0,131
BRDA:180,8,1,66
BRDA:196,9,0,131
BRDA:196,9,1,65
BRF:20
BRH:13
end_of_record
TN:
SF:src/quizzer/QuizCard.tsx
FN:7,(anonymous_0)
FN:15,(anonymous_1)
FN:24,(anonymous_2)
FNF:3
FNH:3
FNDA:90,(anonymous_0)
FNDA:356,(anonymous_1)
FNDA:12,(anonymous_2)
DA:7,2
DA:14,90
DA:16,356
DA:19,90
DA:25,12
LF:5
LH:5
BRDA:16,0,0,356
BRDA:16,0,1,302
BRDA:16,0,2,160
BRDA:32,1,0,90
BRDA:32,1,1,0
BRF:5
BRH:4
end_of_record
TN:
SF:src/quizzer/QuizEdit.tsx
FN:9,(anonymous_0)
FN:24,(anonymous_1)
FN:28,(anonymous_2)
FN:34,(anonymous_3)
FN:38,(anonymous_4)
FN:43,(anonymous_5)
FN:47,(anonymous_6)
FN:51,(anonymous_7)
FN:70,(anonymous_8)
FN:87,(anonymous_9)
FN:102,(anonymous_10)
FN:110,(anonymous_11)
FN:126,(anonymous_12)
FN:152,(anonymous_13)
FN:165,(anonymous_14)
FNF:15
FNH:14
FNDA:33,(anonymous_0)
FNDA:9,(anonymous_1)
FNDA:36,(anonymous_2)
FNDA:1,(anonymous_3)
FNDA:4,(anonymous_4)
FNDA:6,(anonymous_5)
FNDA:2,(anonymous_6)
FNDA:8,(anonymous_7)
FNDA:10,(anonymous_8)
FNDA:2,(anonymous_9)
FNDA:0,(anonymous_10)
FNDA:131,(anonymous_11)
FNDA:1,(anonymous_12)
FNDA:6,(anonymous_13)
FNDA:1,(anonymous_14)
DA:9,2
DA:22,33
DA:24,33
DA:25,9
DA:29,36
DA:34,33
DA:35,1
DA:38,4
DA:43,33
DA:44,6
DA:47,33
DA:48,2
DA:52,8
DA:53,6
DA:54,4
DA:60,33
DA:73,10
DA:90,2
DA:103,0
DA:111,131
DA:127,1
DA:153,6
DA:154,6
DA:166,1
DA:167,1
LF:25
LH:24
BRDA:29,0,0,9
BRDA:29,0,1,27
BRDA:52,1,0,2
BRDA:52,1,1,6
BRDA:53,2,0,2
BRDA:53,2,1,4
BRF:6
BRH:6
end_of_record
TN:
SF:src/quizzer/QuizExpanded.tsx
FN:9,(anonymous_0)
FN:21,(anonymous_1)
FN:30,(anonymous_2)
FN:37,(anonymous_3)
FN:41,(anonymous_4)
FN:42,(anonymous_5)
FN:45,(anonymous_6)
FN:50,(anonymous_7)
FN:57,(anonymous_8)
FN:61,(anonymous_9)
FN:83,(anonymous_10)
FN:100,(anonymous_11)
FNF:12
FNH:12
FNDA:23,(anonymous_0)
FNDA:93,(anonymous_1)
FNDA:2,(anonymous_2)
FNDA:52,(anonymous_3)
FNDA:2,(anonymous_4)
FNDA:2,(anonymous_5)
FNDA:9,(anonymous_6)
FNDA:36,(anonymous_7)
FNDA:2,(anonymous_8)
FNDA:8,(anonymous_9)
FNDA:8,(anonymous_10)
FNDA:52,(anonymous_11)
DA:9,2
DA:20,23
DA:22,93
DA:25,23
DA:26,23
DA:30,23
DA:31,2
DA:32,2
DA:33,2
DA:36,23
DA:37,52
DA:41,23
DA:42,2
DA:45,23
DA:46,9
DA:47,9
DA:50,36
DA:54,9
DA:57,23
DA:58,2
DA:62,8
DA:69,23
DA:84,8
DA:85,8
DA:101,52
LF:25
LH:25
BRDA:22,0,0,93
BRDA:22,0,1,84
BRDA:22,0,2,50
BRDA:62,1,0,2
BRDA:62,1,1,6
BRDA:76,2,0,23
BRDA:76,2,1,0
BRF:7
BRH:6
end_of_record
TN:
SF:src/quizzer/QuizList.tsx
FN:8,(anonymous_0)
FN:21,(anonymous_1)
FN:25,(anonymous_2)
FN:33,(anonymous_3)
FN:45,(anonymous_4)
FNF:5
FNH:5
FNDA:47,(anonymous_0)
FNDA:12,(anonymous_1)
FNDA:1,(anonymous_2)
FNDA:90,(anonymous_3)
FNDA:235,(anonymous_4)
DA:8,2
DA:19,47
DA:21,47
DA:22,12
DA:25,47
DA:26,1
DA:29,47
DA:34,90
DA:46,235
DA:47,29
LF:10
LH:10
BRDA:31,0,0,47
BRDA:31,0,1,18
BRDA:46,1,0,29
BRDA:46,1,1,206
BRF:4
BRH:4
end_of_record
TN:
SF:src/quizzer/QuizQuestion.tsx
FN:8,(anonymous_0)
FN:23,(anonymous_1)
FN:29,(anonymous_2)
FN:61,(anonymous_3)
FNF:4
FNH:4
FNDA:52,(anonymous_0)
FNDA:2,(anonymous_1)
FNDA:2,(anonymous_2)
FNDA:81,(anonymous_3)
DA:8,2
DA:23,52
DA:24,2
DA:25,2
DA:29,52
DA:30,2
DA:31,2
DA:32,2
DA:36,52
DA:62,81
LF:10
LH:10
BRDA:24,0,0,2
BRDA:24,0,1,0
BRDA:31,1,0,2
BRDA:31,1,1,0
BRDA:45,2,0,3
BRDA:45,2,1,49
BRDA:49,3,0,52
BRDA:49,3,1,25
BRDA:58,4,0,52
BRDA:58,4,1,27
BRDA:76,5,0,2
BRDA:76,5,1,50
BRDA:77,6,0,4
BRDA:77,6,1,48
BRF:14
BRH:12
end_of_record
TN:
SF:src/quizzer/QuizView.tsx
FN:8,(anonymous_0)
FN:21,(anonymous_1)
FNF:2
FNH:2
FNDA:29,(anonymous_0)
FNDA:14,(anonymous_1)
DA:8,2
DA:19,29
DA:21,29
DA:22,14
DA:25,29
LF:5
LH:5
BRDA:27,0,0,29
BRDA:27,0,1,8
BRDA:36,1,0,29
BRDA:36,1,1,21
BRF:4
BRH:4
end_of_record
TN:
SF:src/quizzer/Quizzer.tsx
FN:11,(anonymous_0)
FN:14,(anonymous_1)
FN:23,(anonymous_2)
FN:27,editQuiz
FN:29,(anonymous_4)
FN:33,addQuiz
FN:46,deleteQuiz
FN:47,(anonymous_7)
FN:50,(anonymous_8)
FN:51,(anonymous_9)
FNF:10
FNH:10
FNDA:10,(anonymous_0)
FNDA:40,(anonymous_1)
FNDA:35,(anonymous_2)
FNDA:17,editQuiz
FNDA:85,(anonymous_4)
FNDA:1,addQuiz
FNDA:1,deleteQuiz
FNDA:5,(anonymous_7)
FNDA:1,(anonymous_8)
FNDA:1,(anonymous_9)
DA:10,2
DA:11,10
DA:14,40
DA:23,2
DA:24,35
DA:25,35
DA:28,17
DA:29,85
DA:34,1
DA:47,5
DA:50,35
DA:51,35
DA:53,35
LF:13
LH:13
BRDA:29,0,0,17
BRDA:29,0,1,68
BRF:2
BRH:2
end_of_record
